<?xml version="1.0" encoding="UTF-8"?>
<testsuite name="lotto.LottoTicketTest" tests="1" skipped="0" failures="0" errors="0" timestamp="2021-12-05T07:11:34" hostname="gimtaehun-ui-MacBookPro.local" time="0.037">
  <properties/>
  <testcase name="수동_방식으로_티켓_생성_정상_로직()" classname="lotto.LottoTicketTest" time="0.037"/>
  <system-out><![CDATA[]]></system-out>
  <system-err><![CDATA[]]></system-err>
</testsuite>
