<?xml version="1.0" encoding="UTF-8"?>
<testsuite name="lotto.LottoBallTest" tests="7" skipped="0" failures="0" errors="0" timestamp="2021-12-05T06:33:40" hostname="gimtaehun-ui-MacBookPro.local" time="0.086">
  <properties/>
  <testcase name="로또공_생성_범위밖_오류_발생(int)[1]" classname="lotto.LottoBallTest" time="0.069"/>
  <testcase name="로또공_생성_범위밖_오류_발생(int)[2]" classname="lotto.LottoBallTest" time="0.001"/>
  <testcase name="로또공_생성_범위밖_오류_발생(int)[3]" classname="lotto.LottoBallTest" time="0.002"/>
  <testcase name="로또공_생성_범위밖_오류_발생(int)[4]" classname="lotto.LottoBallTest" time="0.001"/>
  <testcase name="로또공_생성_범위밖_오류_발생(int)[5]" classname="lotto.LottoBallTest" time="0.001"/>
  <testcase name="로또공_생성_범위밖_오류_발생(int)[6]" classname="lotto.LottoBallTest" time="0.001"/>
  <testcase name="로또공_생성_범위밖_오류_발생(int)[7]" classname="lotto.LottoBallTest" time="0.001"/>
  <system-out><![CDATA[]]></system-out>
  <system-err><![CDATA[]]></system-err>
</testsuite>
