<?xml version="1.0" encoding="UTF-8"?>
<testsuite name="PlayerTest" tests="4" skipped="0" failures="0" errors="0" timestamp="2021-12-05T05:36:43" hostname="gimtaehun-ui-MacBookPro.local" time="0.07">
  <properties/>
  <testcase name="수동_티켓_개수_입력이_정상(String)[1]" classname="PlayerTest" time="0.061"/>
  <testcase name="수동_티켓_개수_입력이_정상(String)[2]" classname="PlayerTest" time="0.0"/>
  <testcase name="수동_티켓_개수_입력이_정상(String)[3]" classname="PlayerTest" time="0.001"/>
  <testcase name="수동_티켓_개수_입력이_정상(String)[4]" classname="PlayerTest" time="0.001"/>
  <system-out><![CDATA[]]></system-out>
  <system-err><![CDATA[]]></system-err>
</testsuite>
